==1920== Memcheck, a memory error detector
==1920== Copyright (C) 2002-2011, and GNU GPL'd, by Julian Seward et al.
==1920== Using Valgrind-3.7.0 and LibVEX; rerun with -h for copyright info
==1920== Command: ./a.out images/01-unnormalized-smile.ee264 output.ee264
==1920== Parent PID: 1595
==1920== 
--1920-- 
--1920-- Valgrind options:
--1920--    --suppressions=/usr/lib/valgrind/debian-libc6-dbg.supp
--1920--    --tool=memcheck
--1920--    --leak-check=full
--1920--    --verbose
--1920--    --log-file=memcheck.log
--1920-- Contents of /proc/version:
--1920--   Linux version 3.5.0-23-generic (buildd@komainu) (gcc version 4.6.3 (Ubuntu/Linaro 4.6.3-1ubuntu5) ) #35~precise1-Ubuntu SMP Fri Jan 25 17:13:26 UTC 2013
--1920-- Arch and hwcaps: AMD64, amd64-sse3
--1920-- Page sizes: currently 4096, max supported 4096
--1920-- Valgrind library directory: /usr/lib/valgrind
--1920-- Reading syms from /home/joe/ece264/solutions/264Spring2014/PA05/a.out (0x400000)
--1920-- Reading syms from /lib/x86_64-linux-gnu/ld-2.15.so (0x4000000)
--1920--   Considering /lib/x86_64-linux-gnu/ld-2.15.so ..
--1920--   .. CRC mismatch (computed 20469de9 wanted af909ff1)
--1920--   Considering /usr/lib/debug/lib/x86_64-linux-gnu/ld-2.15.so ..
--1920--   .. CRC is valid
--1920-- Reading syms from /usr/lib/valgrind/memcheck-amd64-linux (0x38000000)
--1920--   Considering /usr/lib/valgrind/memcheck-amd64-linux ..
--1920--   .. CRC mismatch (computed fd32bc40 wanted 1b1bde8c)
--1920--    object doesn't have a symbol table
--1920--    object doesn't have a dynamic symbol table
--1920-- Reading suppressions file: /usr/lib/valgrind/debian-libc6-dbg.supp
--1920-- Reading suppressions file: /usr/lib/valgrind/default.supp
==1920== embedded gdbserver: reading from /tmp/vgdb-pipe-from-vgdb-to-1920-by-joe-on-???
==1920== embedded gdbserver: writing to   /tmp/vgdb-pipe-to-vgdb-from-1920-by-joe-on-???
==1920== embedded gdbserver: shared mem   /tmp/vgdb-pipe-shared-mem-vgdb-1920-by-joe-on-???
==1920== 
==1920== TO CONTROL THIS PROCESS USING vgdb (which you probably
==1920== don't want to do, unless you know exactly what you're doing,
==1920== or are doing some strange experiment):
==1920==   /usr/lib/valgrind/../../bin/vgdb --pid=1920 ...command...
==1920== 
==1920== TO DEBUG THIS PROCESS USING GDB: start GDB like this
==1920==   /path/to/gdb ./a.out
==1920== and then give GDB the following command
==1920==   target remote | /usr/lib/valgrind/../../bin/vgdb --pid=1920
==1920== --pid is optional if only one valgrind process is running
==1920== 
--1920-- REDIR: 0x40189f0 (strlen) redirected to 0x380625c7 (???)
--1920-- Reading syms from /usr/lib/valgrind/vgpreload_core-amd64-linux.so (0x4a25000)
--1920--   Considering /usr/lib/valgrind/vgpreload_core-amd64-linux.so ..
--1920--   .. CRC mismatch (computed 8f05ac98 wanted c6d0ab1a)
--1920--    object doesn't have a symbol table
--1920-- Reading syms from /usr/lib/valgrind/vgpreload_memcheck-amd64-linux.so (0x4c27000)
--1920--   Considering /usr/lib/valgrind/vgpreload_memcheck-amd64-linux.so ..
--1920--   .. CRC mismatch (computed fc059af4 wanted ffc668e8)
--1920--    object doesn't have a symbol table
--1920-- REDIR: 0x4018860 (index) redirected to 0x4c2bc60 (index)
--1920-- REDIR: 0x40188e0 (strcmp) redirected to 0x4c2cc20 (strcmp)
--1920-- Reading syms from /lib/x86_64-linux-gnu/libc-2.15.so (0x4e32000)
--1920--   Considering /lib/x86_64-linux-gnu/libc-2.15.so ..
--1920--   .. CRC mismatch (computed 2e9c874c wanted 728bfc8e)
--1920--   Considering /usr/lib/debug/lib/x86_64-linux-gnu/libc-2.15.so ..
--1920--   .. CRC is valid
--1920-- REDIR: 0x4ebee40 (strcasecmp) redirected to 0x4a25610 (_vgnU_ifunc_wrapper)
--1920-- REDIR: 0x4ebb1e0 (strnlen) redirected to 0x4a25610 (_vgnU_ifunc_wrapper)
--1920-- REDIR: 0x4ec1110 (strncasecmp) redirected to 0x4a25610 (_vgnU_ifunc_wrapper)
--1920-- REDIR: 0x4ebcbd0 (__GI_strrchr) redirected to 0x4c2ba80 (__GI_strrchr)
--1920-- REDIR: 0x4ebb100 (__GI_strlen) redirected to 0x4c2bfc0 (__GI_strlen)
--1920-- REDIR: 0x4eb4f20 (malloc) redirected to 0x4c2b660 (malloc)
--1920-- REDIR: 0x4ebaa50 (strcpy) redirected to 0x4a25610 (_vgnU_ifunc_wrapper)
--1920-- REDIR: 0x4ebaa90 (__GI_strcpy) redirected to 0x4c2c0b0 (__GI_strcpy)
--1920-- REDIR: 0x4eb5530 (free) redirected to 0x4c2a7c0 (free)
--1920-- REDIR: 0x4ec4d10 (strchrnul) redirected to 0x4c2e3b0 (strchrnul)
==1920== 
==1920== HEAP SUMMARY:
==1920==     in use at exit: 0 bytes in 0 blocks
==1920==   total heap usage: 6 allocs, 6 frees, 68,226 bytes allocated
==1920== 
==1920== All heap blocks were freed -- no leaks are possible
==1920== 
==1920== ERROR SUMMARY: 0 errors from 0 contexts (suppressed: 2 from 2)
--1920-- 
--1920-- used_suppression:      2 dl-hack3-cond-1
==1920== 
==1920== ERROR SUMMARY: 0 errors from 0 contexts (suppressed: 2 from 2)
